<?xml version="1.0" encoding="UTF-8"?>
<!-- Generated by org.testng.reporters.JUnitXMLReporter -->
<testsuite hostname="LAPTOP-R9TK0ON1" ignored="0" name="Default test" tests="4" failures="0" timestamp="2020-01-05T17:26:05 IST" time="5.97" errors="0">
  <testcase name="delete_data" time="3.399" classname="api_testing.Crud_operations"/>
  <testcase name="get_weather" time="0.472" classname="api_testing.Crud_operations"/>
  <testcase name="post_data" time="0.963" classname="api_testing.Crud_operations"/>
  <testcase name="put_data" time="1.023" classname="api_testing.Crud_operations"/>
</testsuite> <!-- Default test -->
