<?xml version="1.0" encoding="UTF-8"?>
<!-- Generated by org.testng.reporters.JUnitXMLReporter -->
<testsuite hostname="LAPTOP-R9TK0ON1" ignored="0" name="VerizonRestApiSuite" tests="6" failures="1" timestamp="2020-01-04T21:39:03 IST" time="8.42" errors="0">
  <testcase name="getWeatherDetails" time="3.622" classname="api_testing.TC01_get"/>
  <testcase name="getVerizon" time="0.755" classname="api_testing.TC01_get"/>
  <testcase name="RegistrationSuccessful" time="0.787" classname="api_testing.TC02_post">
    <failure type="java.lang.AssertionError" message="expected [201] but found [200]">
      <![CDATA[java.lang.AssertionError: expected [201] but found [200]
at api_testing.TC02_post.RegistrationSuccessful(TC02_post.java:50)
at java.util.ArrayList.forEach(Unknown Source)
... Removed 32 stack frames]]>
    </failure>
  </testcase> <!-- RegistrationSuccessful -->
  <testcase name="googleMapTest" time="0.592" classname="api_testing.TC03_gmap"/>
  <testcase name="googleMapTest" time="0.324" classname="api_testing.TC04_gmap_headers"/>
  <testcase name="getWeatherDetails" time="1.819" classname="api_testing.TC05_resbody"/>
</testsuite> <!-- VerizonRestApiSuite -->
