<?xml version="1.0" encoding="UTF-8"?>
<!-- Generated by org.testng.reporters.JUnitXMLReporter -->
<testsuite hostname="LAPTOP-R9TK0ON1" ignored="0" name="VerizonRestApiSuite" tests="4" failures="0" timestamp="2020-01-05T17:26:52 IST" time="4.929" errors="0">
  <testcase name="delete_data" time="2.44" classname="api_testing.Crud_operations"/>
  <testcase name="get_weather" time="0.502" classname="api_testing.Crud_operations"/>
  <testcase name="post_data" time="0.87" classname="api_testing.Crud_operations"/>
  <testcase name="put_data" time="0.883" classname="api_testing.Crud_operations"/>
</testsuite> <!-- VerizonRestApiSuite -->
