<?xml version="1.0" encoding="UTF-8"?>
<testng-results skipped="0" failed="0" ignored="0" total="1" passed="1">
  <reporter-output>
  </reporter-output>
  <suite name="Default suite" duration-ms="2836" started-at="2020-01-03T22:35:24 IST" finished-at="2020-01-03T22:35:27 IST">
    <groups>
    </groups>
    <test name="Default test" duration-ms="2836" started-at="2020-01-03T22:35:24 IST" finished-at="2020-01-03T22:35:27 IST">
      <class name="api_testing.TC02_post">
        <test-method status="PASS" signature="RegistrationSuccessful()[pri:0, instance:api_testing.TC02_post@a7e666]" name="RegistrationSuccessful" duration-ms="2807" started-at="2020-01-03T22:35:24 IST" finished-at="2020-01-03T22:35:27 IST">
          <reporter-output>
          </reporter-output>
        </test-method> <!-- RegistrationSuccessful -->
      </class> <!-- api_testing.TC02_post -->
    </test> <!-- Default test -->
  </suite> <!-- Default suite -->
</testng-results>
