<?xml version="1.0" encoding="UTF-8"?>
<testng-results skipped="0" failed="0" ignored="0" total="1" passed="1">
  <reporter-output>
  </reporter-output>
  <suite name="Default suite" duration-ms="4290" started-at="2020-01-03T23:04:28 IST" finished-at="2020-01-03T23:04:33 IST">
    <groups>
    </groups>
    <test name="Default test" duration-ms="4290" started-at="2020-01-03T23:04:28 IST" finished-at="2020-01-03T23:04:33 IST">
      <class name="api_testing.TC03_gmap">
        <test-method status="PASS" signature="googleMapTest()[pri:0, instance:api_testing.TC03_gmap@a7e666]" name="googleMapTest" duration-ms="4250" started-at="2020-01-03T23:04:28 IST" finished-at="2020-01-03T23:04:33 IST">
          <reporter-output>
          </reporter-output>
        </test-method> <!-- googleMapTest -->
      </class> <!-- api_testing.TC03_gmap -->
    </test> <!-- Default test -->
  </suite> <!-- Default suite -->
</testng-results>
